Start index.php
After config.php: 2.69ms
After sidebar.php: 73.87ms
After sqlStats: 131.18ms
Start index.php
After config.php: 1.35ms
After sidebar.php: 67.81ms
After sqlStats: 119.22ms
Start index.php
After config.php: 2.6ms
After sidebar.php: 72.13ms
After sqlStats: 123.37ms
Start index.php
After config.php: 1.28ms
After sidebar.php: 74.7ms
After sqlStats: 136.37ms
Start index.php
After config.php: 1.57ms
After sidebar.php: 37.18ms
After sqlStats: 100.65ms
Start index.php
After config.php: 1.35ms
After sidebar.php: 85.39ms
After sqlStats: 196.55ms
Start index.php
After config.php: 1.56ms
After sidebar.php: 53.49ms
After sqlStats: 104.15ms
Start index.php
After config.php: 1.42ms
After sidebar.php: 74.39ms
After sqlStats: 139.16ms
Start index.php
After config.php: 1.57ms
After sidebar.php: 35.65ms
After sqlStats: 99.92ms
Start index.php
After config.php: 1.14ms
After sidebar.php: 57.44ms
After sqlStats: 115.88ms
Start index.php
After config.php: 2.43ms
After sidebar.php: 77.24ms
After sqlStats: 125.21ms
After sqlProducts: 191.06ms
Start index.php
After config.php: 1.05ms
After sidebar.php: 30.1ms
After sqlStats: 66.6ms
After sqlProducts: 80.12ms
Start index.php
After config.php: 10.27ms
After sidebar.php: 21.06ms
After sqlStats: 67.14ms
After sqlProducts: 83.33ms
Start index.php
After config.php: 1.88ms
After sidebar.php: 42.94ms
After sqlStats: 86ms
After sqlProducts: 96.74ms
Start index.php
After config.php: 1.12ms
After sidebar.php: 49.66ms
After sqlStats: 88.53ms
After sqlProducts: 100.52ms
Start index.php
After config.php: 1ms
After sidebar.php: 32.24ms
After sqlStats: 66.16ms
After sqlProducts: 78.81ms
